<?xml version="1.0" encoding="UTF-8"?>
<robot generator="Robot 5.0.1 (Python 3.10.4 on linux)" generated="20220526 15:15:26.268" rpa="false" schemaversion="3">
<suite id="s1" name="Financial System Robot Framework" source="/home/kali/financial_system_robot_framework">
<suite id="s1-s1" name="Tests" source="/home/kali/financial_system_robot_framework/tests">
<suite id="s1-s1-s1" name="Test" source="/home/kali/financial_system_robot_framework/tests/test.robot">
<test id="s1-s1-s1-t1" name="Verifica abertura da página" line="9">
<kw name="New Page" library="Browser">
<arg>http://localhost:3000/</arg>
<tag>BrowserControl</tag>
<tag>Setter</tag>
<doc>Open a new Page.</doc>
<msg timestamp="20220526 15:15:28.652" level="INFO">Successfully initialized new page object and opened url: http://localhost:3000/</msg>
<msg timestamp="20220526 15:15:28.657" level="INFO">No browser and context was open. New browser and context was automatically opened when page is created.</msg>
<status status="PASS" starttime="20220526 15:15:27.534" endtime="20220526 15:15:28.658"/>
</kw>
<kw name="Get Text" library="Browser">
<arg>h1</arg>
<arg>contains</arg>
<arg>Sistema Financeiro</arg>
<tag>Assertion</tag>
<tag>Getter</tag>
<tag>PageContent</tag>
<doc>Returns text attribute of the element found by ``selector``.</doc>
<status status="PASS" starttime="20220526 15:15:28.660" endtime="20220526 15:15:28.776"/>
</kw>
<kw name="Get Element States" library="Browser">
<arg>id=month_area</arg>
<arg>contains</arg>
<arg>visible</arg>
<tag>Assertion</tag>
<tag>Getter</tag>
<tag>PageContent</tag>
<doc>Get the active states from the element found by ``selector``.</doc>
<msg timestamp="20220526 15:15:28.867" level="INFO">States are: ['attached', 'visible', 'enabled', 'editable', 'defocused']</msg>
<status status="PASS" starttime="20220526 15:15:28.777" endtime="20220526 15:15:28.867"/>
</kw>
<kw name="Get Element States" library="Browser">
<arg>id=input_area</arg>
<arg>contains</arg>
<arg>visible</arg>
<tag>Assertion</tag>
<tag>Getter</tag>
<tag>PageContent</tag>
<doc>Get the active states from the element found by ``selector``.</doc>
<msg timestamp="20220526 15:15:28.948" level="INFO">States are: ['attached', 'visible', 'enabled', 'editable', 'defocused']</msg>
<status status="PASS" starttime="20220526 15:15:28.867" endtime="20220526 15:15:28.948"/>
</kw>
<kw name="Get Element States" library="Browser">
<arg>id=table_area</arg>
<arg>contains</arg>
<arg>visible</arg>
<tag>Assertion</tag>
<tag>Getter</tag>
<tag>PageContent</tag>
<doc>Get the active states from the element found by ``selector``.</doc>
<msg timestamp="20220526 15:15:29.017" level="INFO">States are: ['attached', 'visible', 'enabled', 'editable', 'defocused']</msg>
<status status="PASS" starttime="20220526 15:15:28.949" endtime="20220526 15:15:29.017"/>
</kw>
<status status="PASS" starttime="20220526 15:15:27.530" endtime="20220526 15:15:29.017"/>
</test>
<test id="s1-s1-s1-t2" name="Verifica scroll de meses" line="17">
<kw name="New Browser" library="Browser">
<arg>chromium</arg>
<arg>headless=false</arg>
<tag>BrowserControl</tag>
<tag>Setter</tag>
<doc>Create a new playwright Browser with specified options.</doc>
<msg timestamp="20220526 15:15:29.135" level="INFO">{"browser": "chromium", "headless": false, "handleSIGINT": true, "handleSIGTERM": true, "handleSIGHUP": true, "timeout": 30000.0, "devtools": false, "slowMo": 0.0, "tracesDir": "/home/kali/financial_system_robot_framework/browser/traces/f5a5b10d-d27c-4598-bbf4-bba9d4a7360a"}</msg>
<msg timestamp="20220526 15:15:30.362" level="INFO">Successfully created browser with options: {"browser":"chromium","headless":false,"handleSIGINT":true,"handleSIGTERM":true,"handleSIGHUP":true,"timeout":30000,"devtools":false,"slowMo":0,"tracesDir":"/home/kali/financial_system_robot_framework/browser/traces/f5a5b10d-d27c-4598-bbf4-bba9d4a7360a"}</msg>
<status status="PASS" starttime="20220526 15:15:29.135" endtime="20220526 15:15:30.368"/>
</kw>
<kw name="New Page" library="Browser">
<arg>http://localhost:3000/</arg>
<tag>BrowserControl</tag>
<tag>Setter</tag>
<doc>Open a new Page.</doc>
<msg timestamp="20220526 15:15:33.965" level="INFO">Successfully initialized new page object and opened url: http://localhost:3000/</msg>
<msg timestamp="20220526 15:15:33.968" level="INFO">No context was open. New context was automatically opened when this page is created.</msg>
<status status="PASS" starttime="20220526 15:15:30.374" endtime="20220526 15:15:33.969"/>
</kw>
<kw name="Get Text" library="Browser">
<var>${current_month_title}</var>
<arg>id=mount_title</arg>
<tag>Assertion</tag>
<tag>Getter</tag>
<tag>PageContent</tag>
<doc>Returns text attribute of the element found by ``selector``.</doc>
<msg timestamp="20220526 15:15:34.808" level="INFO">${current_month_title} = Maio de 2022</msg>
<status status="PASS" starttime="20220526 15:15:33.972" endtime="20220526 15:15:34.809"/>
</kw>
<kw name="Click" library="Browser">
<arg>id=arrow_rigth</arg>
<tag>PageContent</tag>
<tag>Setter</tag>
<doc>Simulates mouse click on the element found by ``selector``.</doc>
<status status="PASS" starttime="20220526 15:15:34.810" endtime="20220526 15:15:35.355"/>
</kw>
<kw name="Get Text" library="Browser">
<var>${new_month_title}</var>
<arg>id=mount_title</arg>
<tag>Assertion</tag>
<tag>Getter</tag>
<tag>PageContent</tag>
<doc>Returns text attribute of the element found by ``selector``.</doc>
<msg timestamp="20220526 15:15:35.497" level="INFO">${new_month_title} = Junho de 2022</msg>
<status status="PASS" starttime="20220526 15:15:35.356" endtime="20220526 15:15:35.497"/>
</kw>
<kw name="Should Not Be Equal" library="BuiltIn">
<arg>${current_month_title}</arg>
<arg>${new_month_title}</arg>
<doc>Fails if the given objects are equal.</doc>
<status status="PASS" starttime="20220526 15:15:35.497" endtime="20220526 15:15:35.498"/>
</kw>
<kw name="Click" library="Browser">
<arg>id=arrow_left</arg>
<tag>PageContent</tag>
<tag>Setter</tag>
<doc>Simulates mouse click on the element found by ``selector``.</doc>
<status status="PASS" starttime="20220526 15:15:35.499" endtime="20220526 15:15:35.988"/>
</kw>
<kw name="Get Text" library="Browser">
<var>${new_month_title}</var>
<arg>id=mount_title</arg>
<tag>Assertion</tag>
<tag>Getter</tag>
<tag>PageContent</tag>
<doc>Returns text attribute of the element found by ``selector``.</doc>
<msg timestamp="20220526 15:15:36.120" level="INFO">${new_month_title} = Maio de 2022</msg>
<status status="PASS" starttime="20220526 15:15:35.990" endtime="20220526 15:15:36.120"/>
</kw>
<kw name="Should Be Equal" library="BuiltIn">
<arg>${current_month_title}</arg>
<arg>${new_month_title}</arg>
<doc>Fails if the given objects are unequal.</doc>
<status status="PASS" starttime="20220526 15:15:36.121" endtime="20220526 15:15:36.121"/>
</kw>
<status status="PASS" starttime="20220526 15:15:29.126" endtime="20220526 15:15:36.122"/>
</test>
<test id="s1-s1-s1-t3" name="Validacoes de data" line="28">
<kw name="New Page" library="Browser">
<arg>http://localhost:3000/</arg>
<tag>BrowserControl</tag>
<tag>Setter</tag>
<doc>Open a new Page.</doc>
<msg timestamp="20220526 15:15:39.918" level="INFO">Successfully initialized new page object and opened url: http://localhost:3000/</msg>
<msg timestamp="20220526 15:15:39.927" level="INFO">No context was open. New context was automatically opened when this page is created.</msg>
<status status="PASS" starttime="20220526 15:15:36.582" endtime="20220526 15:15:39.929"/>
</kw>
<kw name="Type Text" library="Browser">
<arg>id=date_input</arg>
<arg>${date}</arg>
<tag>PageContent</tag>
<tag>Setter</tag>
<doc>Types the given ``txt`` into the text field found by ``selector``.</doc>
<msg timestamp="20220526 15:15:39.934" level="INFO">Types the text 'Get Current Date' in the given field.</msg>
<status status="PASS" starttime="20220526 15:15:39.933" endtime="20220526 15:15:41.119"/>
</kw>
<kw name="Print">
<arg>${date}</arg>
<msg timestamp="20220526 15:15:41.124" level="FAIL">No keyword with name 'Print' found.</msg>
<status status="FAIL" starttime="20220526 15:15:41.123" endtime="20220526 15:15:41.124"/>
</kw>
<kw name="Sleep" library="BuiltIn">
<arg>100</arg>
<doc>Pauses the test executed for the given time.</doc>
<status status="NOT RUN" starttime="20220526 15:15:41.127" endtime="20220526 15:15:41.129"/>
</kw>
<status status="FAIL" starttime="20220526 15:15:36.575" endtime="20220526 15:15:41.130">No keyword with name 'Print' found.</status>
</test>
<test id="s1-s1-s1-t4" name="Validacoes de Categoria" line="34">
<kw name="New Page" library="Browser">
<arg>http://localhost:3000/</arg>
<tag>BrowserControl</tag>
<tag>Setter</tag>
<doc>Open a new Page.</doc>
<msg timestamp="20220526 15:15:43.981" level="INFO">Successfully initialized new page object and opened url: http://localhost:3000/</msg>
<msg timestamp="20220526 15:15:43.984" level="INFO">No context was open. New context was automatically opened when this page is created.</msg>
<status status="PASS" starttime="20220526 15:15:41.566" endtime="20220526 15:15:43.987"/>
</kw>
<kw name="Select Options By" library="Browser">
<arg>id=category</arg>
<arg>value</arg>
<arg>rent</arg>
<tag>PageContent</tag>
<tag>Setter</tag>
<doc>Selects options from select element found by ``selector``.</doc>
<status status="PASS" starttime="20220526 15:15:43.992" endtime="20220526 15:15:45.390"/>
</kw>
<status status="PASS" starttime="20220526 15:15:41.558" endtime="20220526 15:15:45.391"/>
</test>
<test id="s1-s1-s1-t5" name="Validacoes de titulo" line="39">
<kw name="New Page" library="Browser">
<arg>http://localhost:3000/</arg>
<tag>BrowserControl</tag>
<tag>Setter</tag>
<doc>Open a new Page.</doc>
<msg timestamp="20220526 15:15:48.556" level="WARN">Keyword 'Take Screenshot  fail-screenshot-{index}' could not be run on failure:
Socket closed</msg>
<msg timestamp="20220526 15:15:48.559" level="FAIL">Execution terminated by signal</msg>
<status status="FAIL" starttime="20220526 15:15:46.000" endtime="20220526 15:15:48.565"/>
</kw>
<kw name="Type Text" library="Browser">
<arg>id=title</arg>
<arg>Casa</arg>
<tag>PageContent</tag>
<tag>Setter</tag>
<doc>Types the given ``txt`` into the text field found by ``selector``.</doc>
<status status="NOT RUN" starttime="20220526 15:15:48.567" endtime="20220526 15:15:48.567"/>
</kw>
<status status="FAIL" starttime="20220526 15:15:45.981" endtime="20220526 15:15:48.567">Execution terminated by signal</status>
</test>
<test id="s1-s1-s1-t6" name="Validacoes de valor" line="43">
<kw name="New Page" library="Browser">
<arg>http://localhost:3000/</arg>
<tag>BrowserControl</tag>
<tag>Setter</tag>
<doc>Open a new Page.</doc>
<status status="FAIL" starttime="20220526 15:15:48.571" endtime="20220526 15:15:48.571"/>
</kw>
<kw name="Type Text" library="Browser">
<arg>id=value</arg>
<arg>1000</arg>
<tag>PageContent</tag>
<tag>Setter</tag>
<doc>Types the given ``txt`` into the text field found by ``selector``.</doc>
<status status="NOT RUN" starttime="20220526 15:15:48.572" endtime="20220526 15:15:48.572"/>
</kw>
<status status="FAIL" starttime="20220526 15:15:48.570" endtime="20220526 15:15:48.572">Execution terminated by signal</status>
</test>
<test id="s1-s1-s1-t7" name="Verifica a adição de nova despesa" line="47">
<tag>robot:exit</tag>
<status status="FAIL" starttime="20220526 15:15:48.573" endtime="20220526 15:15:48.574">Test execution stopped due to a fatal error.</status>
</test>
<test id="s1-s1-s1-t8" name="Verifica valor e soma des despesas" line="59">
<tag>robot:exit</tag>
<status status="FAIL" starttime="20220526 15:15:48.575" endtime="20220526 15:15:48.576">Test execution stopped due to a fatal error.</status>
</test>
<test id="s1-s1-s1-t9" name="Verifica a adição de nova receita" line="76">
<tag>robot:exit</tag>
<status status="FAIL" starttime="20220526 15:15:48.576" endtime="20220526 15:15:48.577">Test execution stopped due to a fatal error.</status>
</test>
<test id="s1-s1-s1-t10" name="Verifica valor e soma das receitas" line="88">
<tag>robot:exit</tag>
<status status="FAIL" starttime="20220526 15:15:48.578" endtime="20220526 15:15:48.579">Test execution stopped due to a fatal error.</status>
</test>
<test id="s1-s1-s1-t11" name="Verifica valor e soma das receitas" line="104">
<tag>robot:exit</tag>
<status status="FAIL" starttime="20220526 15:15:48.580" endtime="20220526 15:15:48.581">Test execution stopped due to a fatal error.</status>
</test>
<status status="FAIL" starttime="20220526 15:15:26.311" endtime="20220526 15:15:48.589"/>
</suite>
<status status="FAIL" starttime="20220526 15:15:26.309" endtime="20220526 15:15:48.591"/>
</suite>
<status status="FAIL" starttime="20220526 15:15:26.289" endtime="20220526 15:15:48.593"/>
</suite>
<statistics>
<total>
<stat pass="3" fail="8" skip="0">All Tests</stat>
</total>
<tag>
<stat pass="3" fail="3" skip="0" info="combined" combined="NOT robot:exit">NOT robot:exit</stat>
</tag>
<suite>
<stat pass="3" fail="8" skip="0" id="s1" name="Financial System Robot Framework">Financial System Robot Framework</stat>
<stat pass="3" fail="8" skip="0" id="s1-s1" name="Tests">Financial System Robot Framework.Tests</stat>
<stat pass="3" fail="8" skip="0" id="s1-s1-s1" name="Test">Financial System Robot Framework.Tests.Test</stat>
</suite>
</statistics>
<errors>
<msg timestamp="20220526 15:15:48.556" level="WARN">Keyword 'Take Screenshot  fail-screenshot-{index}' could not be run on failure:
Socket closed</msg>
<msg timestamp="20220526 15:15:48.580" level="WARN">Multiple tests with name 'Verifica valor e soma das receitas' executed in suite 'Financial System Robot Framework.Tests.Test'.</msg>
</errors>
</robot>
